<?xml version="1.0" encoding="UTF-8"?>
<!-- Generated by org.testng.reporters.JUnitReportReporter -->
<testsuite hostname="DESKTOP-U757VI6" failures="0" tests="1" name="TestCase1" time="0.844" errors="0" timestamp="2023-02-14T09:19:34 WIB" skipped="0">
  <testcase classname="TestCase1" name="firstTry" time="0.844"/>
  <system-out/>
</testsuite> <!-- TestCase1 -->
